<?xml version="1.0" encoding="UTF-8"?>
<!-- Generated by org.testng.reporters.JUnitXMLReporter -->
<testsuite hostname="LAPTOP-JEI8AS0O" ignored="1" name="Test" tests="2" failures="0" timestamp="2022-09-18T17:04:59 EDT" time="21.631" errors="0">
  <testcase name="VerifyQuickLaunchItems_003" time="2.735" classname="testcases.QuickLaunch"/>
  <testcase name="VerifyQuickLaunchItemCount_002" time="2.629" classname="testcases.QuickLaunch"/>
  <testcase name="LoginSuccess_001" time="0.0" classname="testcases.LoginTest">
    <ignored/>
  </testcase> <!-- LoginSuccess_001 -->
</testsuite> <!-- Test -->
