<?xml version="1.0" encoding="UTF-8"?>
<!-- Generated by org.testng.reporters.JUnitXMLReporter -->
<testsuite hostname="LAPTOP-JEI8AS0O" ignored="0" name="chrome" tests="3" failures="0" timestamp="2022-09-25T13:12:34 EDT" time="32.914" errors="0">
  <testcase name="LoginSuccess_001" time="5.189" classname="testcases.LoginTest_CB"/>
  <testcase name="VerifyQuickLaunchItems_003" time="2.969" classname="testcases.QuickLaunch_CB"/>
  <testcase name="VerifyQuickLaunchItemCount_002" time="2.725" classname="testcases.QuickLaunch_CB"/>
</testsuite> <!-- chrome -->
