<?xml version="1.0" encoding="UTF-8"?>
<!-- Generated by org.testng.reporters.JUnitXMLReporter -->
<testsuite hostname="LAPTOP-JEI8AS0O" ignored="0" name="edge" tests="3" failures="0" timestamp="2022-09-25T13:13:59 EDT" time="39.827" errors="0">
  <testcase name="LoginSuccess_001" time="3.806" classname="testcases.LoginTest_CB"/>
  <testcase name="VerifyQuickLaunchItems_003" time="2.774" classname="testcases.QuickLaunch_CB"/>
  <testcase name="VerifyQuickLaunchItemCount_002" time="2.892" classname="testcases.QuickLaunch_CB"/>
</testsuite> <!-- edge -->
