<?xml version="1.0" encoding="UTF-8"?>
<!-- Generated by org.testng.reporters.JUnitXMLReporter -->
<testsuite hostname="LAPTOP-JEI8AS0O" ignored="0" name="firefox" tests="3" failures="0" timestamp="2022-09-25T13:13:20 EDT" time="45.653" errors="0">
  <testcase name="LoginSuccess_001" time="3.219" classname="testcases.LoginTest_CB"/>
  <testcase name="VerifyQuickLaunchItems_003" time="0.441" classname="testcases.QuickLaunch_CB"/>
  <testcase name="VerifyQuickLaunchItemCount_002" time="0.52" classname="testcases.QuickLaunch_CB"/>
</testsuite> <!-- firefox -->
